<?xml version="1.0" encoding="UTF-8"?>
<!-- Generated by org.testng.reporters.JUnitReportReporter -->
<testsuite hostname="LAPTOP-T1RAV8IF" failures="0" tests="3" name="testNGScripts.DataParamTest" time="10.389" errors="0" timestamp="2022-01-25T17:38:58 IST" skipped="0">
  <testcase classname="testNGScripts.DataParamTest" name="LoginTest" time="1.275"/>
  <system-out/>
  <testcase classname="testNGScripts.DataParamTest" name="LoginTest" time="1.286"/>
  <system-out/>
  <testcase classname="testNGScripts.DataParamTest" name="LoginTest" time="7.828"/>
  <system-out/>
</testsuite> <!-- testNGScripts.DataParamTest -->
