<?xml version="1.0" encoding="UTF-8"?>
<!-- Generated by org.testng.reporters.JUnitReportReporter -->
<testsuite hostname="LAPTOP-T1RAV8IF" failures="0" tests="1" name="testNGScripts.SampleTwoTest" time="14.710" errors="0" timestamp="2022-01-25T15:42:20 IST" skipped="0">
  <testcase classname="testNGScripts.SampleTwoTest" name="searchCyprassTest" time="14.710"/>
  <system-out/>
</testsuite> <!-- testNGScripts.SampleTwoTest -->
