<?xml version="1.0" encoding="UTF-8"?>
<!-- Generated by org.testng.reporters.JUnitReportReporter -->
<testsuite hostname="LAPTOP-T1RAV8IF" failures="0" tests="3" name="testNGScripts.SampleSixPropertyTest" time="42.948" errors="0" timestamp="2022-01-27T17:02:01 IST" skipped="0">
  <testcase classname="testNGScripts.SampleSixPropertyTest" name="LoginTest" time="18.087"/>
  <system-out/>
  <testcase classname="testNGScripts.SampleSixPropertyTest" name="LoginTest" time="7.708"/>
  <system-out/>
  <testcase classname="testNGScripts.SampleSixPropertyTest" name="LoginTest" time="17.153"/>
  <system-out/>
</testsuite> <!-- testNGScripts.SampleSixPropertyTest -->
