<?xml version="1.0" encoding="UTF-8"?>
<!-- Generated by org.testng.reporters.JUnitReportReporter -->
<testsuite hostname="LAPTOP-T1RAV8IF" failures="0" tests="1" name="testNGScripts.HTMLUnitTest" time="16.214" errors="0" timestamp="2022-01-28T15:38:47 IST" skipped="0">
  <testcase classname="testNGScripts.HTMLUnitTest" name="remoteDriverTest" time="16.214"/>
  <system-out/>
</testsuite> <!-- testNGScripts.HTMLUnitTest -->
