<?xml version="1.0" encoding="UTF-8"?>
<!-- Generated by org.testng.reporters.JUnitReportReporter -->
<testsuite hostname="LAPTOP-T1RAV8IF" failures="0" tests="1" name="testNGScripts.ExcelDataTest" time="15.501" errors="0" timestamp="2022-01-27T18:05:11 IST" skipped="0">
  <testcase classname="testNGScripts.ExcelDataTest" name="LoginTest" time="15.501"/>
  <system-out/>
</testsuite> <!-- testNGScripts.ExcelDataTest -->
